2026-04-09 00:24:56.079: [INFO] VisibilityChanged: 0
2026-04-09 00:24:56.094: [INFO] RecordSyncInitDuration has_sync_been_enabled: 0 state: 0
2026-04-09 00:24:56.095: [INFO] RecordSyncInitDuration has_sync_been_enabled: 0 state: 0
2026-04-09 00:24:56.096: [INFO] RecordSyncInitDuration has_sync_been_enabled: 0 state: 0
2026-04-09 00:24:56.097: [INFO] RecordSyncInitDuration has_sync_been_enabled: 0 state: 0
2026-04-09 00:24:56.098: [INFO] RecordSyncInitDuration has_sync_been_enabled: 0 state: 0
2026-04-09 00:24:56.099: [INFO] RecordSyncInitDuration has_sync_been_enabled: 0 state: 0
2026-04-09 00:24:56.100: [INFO] RecordSyncInitDuration has_sync_been_enabled: 0 state: 0
2026-04-09 00:24:56.100: [INFO] RecordSyncInitDuration has_sync_been_enabled: 0 state: 0
2026-04-09 00:24:56.102: [INFO] RecordSyncInitDuration has_sync_been_enabled: 0 state: 0
2026-04-09 00:24:56.102: [INFO] RecordSyncInitDuration has_sync_been_enabled: 0 state: 0
2026-04-09 00:24:56.104: [INFO] RecordSyncInitDuration has_sync_been_enabled: 0 state: 0
2026-04-09 00:24:56.105: [INFO] RecordSyncInitDuration has_sync_been_enabled: 0 state: 0
2026-04-09 00:24:56.116: [INFO] BookmarkModelLoaded, ids_reassigned: 0
2026-04-09 00:24:56.116: [INFO] OnDoneLoading sync enabled: 0
2026-04-09 00:24:58.053: [INFO] RecordSyncInitDuration has_sync_been_enabled: 0 state: 3
2026-04-09 00:24:58.055: [INFO] Primary account changed.
2026-04-09 00:24:58.055: [INFO] OnPrimaryAccountChanged PrimaryAccountChangeEvent::Type::kSet
2026-04-09 00:24:58.060: [INFO] RecordSyncInitDuration has_sync_been_enabled: 0 state: 3
2026-04-09 00:24:58.077: [INFO] RecordSyncInitDuration has_sync_been_enabled: 0 state: 3
2026-04-09 00:25:02.438: [INFO] Sync initialization duration: 4219ms
