{"logTime": "0408/232620", "correlationVector":"B+ZAHMRJmfga5I8LucbN7N.1","action":"SyncServerConnectionManagerRequest", "result":"SYNC_SERVER_OK", "context":{"environment":"Prod_brazilsouth_prod-s01-001-sam-brazilsouth", "migrationStage":"NotStarted", "server":"akswtt00300000q"}}
{"logTime": "0408/232620", "correlationVector":"B+ZAHMRJmfga5I8LucbN7N.2","action":"ProcessGetUpdates", "result":"Done", "context":{"dataType":"Encryption Keys", "deleted":"0", "process_failed_to_decrypt":"0", "process_pending_decryption":"0", "process_success":"1", "total":"1"}}
{"logTime": "0408/232621", "correlationVector":"NYTRNRefljbmJ2rOrvj3gO","action":"SyncServerConnectionManagerRequest", "result":"SYNC_SERVER_OK", "context":{"environment":"", "migrationStage":"", "server":""}}
{"logTime": "0408/232621", "correlationVector":"NYTRNRefljbmJ2rOrvj3gO.0","action":"EncryptionKeysFetcher.DownloadKeys:", "result":"Success", "context":Key count: 6, Last key timestamp: 2025-11-20T16:11:50Z}
{"logTime": "0408/232621", "correlationVector":"NYTRNRefljbmJ2rOrvj3gO.1","action":"EncryptionKeysManager::SetEncryptionKeys:", "result":"Success", "context":Key names[6]:[KlJFsBmvGc6Q2u7cb9kArpiGDlerh2mpW/CruCP76HfSeFs+p8B8oEPcRfkVEILtnPMOUfERXLJCPwLhaOAoaA==][tOG//upJ+Q1I34Big/hPkZimnCe1HCoETmjmnwrOYGikXHLwySXPnNuMr83qCc4cNUrklr/Mz1G45+fjNxqmCA==][pVyx4tjLz1mZzZM1AcDK8lKr5HscvIHj8FMUVb/7XKUZNetbzmZwCIpVeL9qylVmkZUy2JNB2gYPuJHWTxiE7w==][OMRLhxYHjIAfmKAeUQuoXQJju+TQZd1VPUDlqPjK3k9YCA56oJtQ3uD8YbBWvM/GdA5HuWHATKcohqlHOi+Wpw==][GGStetintNAxLVBOzQ54W46V6y0aSTMb+HoHt6+eZoOHktMx2y2LybVtx09zTsaJukg2mvlxYHLzUPeYbl4l5Q==][62APEBR8MO7U5WNhKDoc11y2A9mDiyw9ukmI/dXweQxDCeUKohl24hICg7VMW+FezJN3ezK/0c0//M6i7eHL1g==]}
{"logTime": "0408/232621", "correlationVector":"NYTRNRefljbmJ2rOrvj3gO.2","action":"EncryptionKeysManager::SetEncryptionKeysWithTimestamps:", "result":"Success", "context":Key timestamps[6]:[2024-10-13T17:39:52Z][2025-04-19T18:32:08Z][2025-05-16T16:39:23Z][2025-06-21T01:38:57Z][2025-08-15T01:14:14Z][2025-11-20T16:11:50Z]}
{"logTime": "0408/232621", "correlationVector":"B+ZAHMRJmfga5I8LucbN7N","action":"Initial GetUpdates", "result":"", "context":Reason: NEW_CLIENT. cV=B+ZAHMRJmfga5I8LucbN7N}
{"logTime": "0408/232621", "correlationVector":"B+ZAHMRJmfga5I8LucbN7N.3","action":"GetUpdates Response", "result":"Success", "context":Received 1 update(s). cV=B+ZAHMRJmfga5I8LucbN7N.0;server=akswtt00300000q;cloudType=Consumer;environment=Prod_brazilsouth_prod-s01-001-sam-brazilsouth;migrationStage=NotStarted}
{"logTime": "0408/232623", "correlationVector":"bH0XUVLaL2croFkx/IEBVH","action":"Initial GetUpdates", "result":"", "context":Reason: NEWLY_SUPPORTED_DATATYPE. cV=bH0XUVLaL2croFkx/IEBVH}
{"logTime": "0408/232623", "correlationVector":"bH0XUVLaL2croFkx/IEBVH.1","action":"SyncServerConnectionManagerRequest", "result":"SYNC_SERVER_OK", "context":{"environment":"Prod_brazilsouth_prod-s01-034-sam-brazilsouth", "migrationStage":"NotStarted", "server":"akswtt02200002b"}}
{"logTime": "0408/232623", "correlationVector":"bH0XUVLaL2croFkx/IEBVH.2","action":"ProcessGetUpdates", "result":"Done", "context":{"dataType":"Preferences", "deleted":"0", "process_failed_to_decrypt":"0", "process_pending_decryption":"0", "process_success":"61", "total":"61"}}
{"logTime": "0408/232623", "correlationVector":"bH0XUVLaL2croFkx/IEBVH.3","action":"ProcessGetUpdates", "result":"Done", "context":{"dataType":"Passwords", "deleted":"0", "process_failed_to_decrypt":"0", "process_pending_decryption":"0", "process_success":"1", "total":"1"}}
{"logTime": "0408/232623", "correlationVector":"bH0XUVLaL2croFkx/IEBVH.4","action":"ProcessGetUpdates", "result":"Done", "context":{"dataType":"Device Info", "deleted":"0", "process_failed_to_decrypt":"0", "process_pending_decryption":"0", "process_success":"6", "total":"6"}}
{"logTime": "0408/232623", "correlationVector":"bH0XUVLaL2croFkx/IEBVH.5","action":"GetUpdates Response", "result":"Success", "context":Received 68 update(s). cV=bH0XUVLaL2croFkx/IEBVH.0;server=akswtt02200002b;cloudType=Consumer;environment=Prod_brazilsouth_prod-s01-034-sam-brazilsouth;migrationStage=NotStarted}
{"logTime": "0408/232623", "correlationVector":"dGUOA8uMP808dRmMmklnvf","action":"Initial GetUpdates", "result":"", "context":Reason: NEWLY_SUPPORTED_DATATYPE. cV=dGUOA8uMP808dRmMmklnvf}
{"logTime": "0408/232624", "correlationVector":"dGUOA8uMP808dRmMmklnvf.1","action":"SyncServerConnectionManagerRequest", "result":"SYNC_SERVER_OK", "context":{"environment":"Prod_brazilsouth_prod-s01-034-sam-brazilsouth", "migrationStage":"NotStarted", "server":"akswtt02200003p"}}
{"logTime": "0408/232624", "correlationVector":"dGUOA8uMP808dRmMmklnvf.2","action":"ProcessGetUpdates", "result":"Done", "context":{"dataType":"Bookmarks", "deleted":"0", "process_failed_to_decrypt":"0", "process_pending_decryption":"0", "process_success":"6", "total":"6"}}
{"logTime": "0408/232624", "correlationVector":"dGUOA8uMP808dRmMmklnvf.3","action":"GetUpdates Response", "result":"Success", "context":Received 6 update(s). cV=dGUOA8uMP808dRmMmklnvf.0;server=akswtt02200003p;cloudType=Consumer;environment=Prod_brazilsouth_prod-s01-034-sam-brazilsouth;migrationStage=NotStarted}
{"logTime": "0408/232624", "correlationVector":"76MJcc+ZJudX0xm1FxvLc1","action":"Initial GetUpdates", "result":"", "context":Reason: NEWLY_SUPPORTED_DATATYPE. cV=76MJcc+ZJudX0xm1FxvLc1}
{"logTime": "0408/232624", "correlationVector":"76MJcc+ZJudX0xm1FxvLc1.1","action":"SyncServerConnectionManagerRequest", "result":"SYNC_SERVER_OK", "context":{"environment":"Prod_brazilsouth_prod-s01-034-sam-brazilsouth", "migrationStage":"NotStarted", "server":"akswtt02200003n"}}
{"logTime": "0408/232624", "correlationVector":"76MJcc+ZJudX0xm1FxvLc1.2","action":"ProcessGetUpdates", "result":"Done", "context":{"dataType":"Autofill Profiles", "deleted":"1", "process_failed_to_decrypt":"0", "process_pending_decryption":"0", "process_success":"2", "total":"2"}}
{"logTime": "0408/232624", "correlationVector":"76MJcc+ZJudX0xm1FxvLc1.3","action":"ProcessGetUpdates", "result":"Done", "context":{"dataType":"Autofill", "deleted":"0", "process_failed_to_decrypt":"0", "process_pending_decryption":"0", "process_success":"10", "total":"10"}}
{"logTime": "0408/232624", "correlationVector":"76MJcc+ZJudX0xm1FxvLc1.4","action":"ProcessGetUpdates", "result":"Done", "context":{"dataType":"Sessions", "deleted":"0", "process_failed_to_decrypt":"0", "process_pending_decryption":"0", "process_success":"4", "total":"4"}}
{"logTime": "0408/232624", "correlationVector":"76MJcc+ZJudX0xm1FxvLc1.5","action":"GetUpdates Response", "result":"Success", "context":Received 16 update(s). cV=76MJcc+ZJudX0xm1FxvLc1.0;server=akswtt02200003n;cloudType=Consumer;environment=Prod_brazilsouth_prod-s01-034-sam-brazilsouth;migrationStage=NotStarted}
{"logTime": "0408/232625", "correlationVector":"1Km/tDShH/tUQxkO+GOeE+","action":"Initial GetUpdates", "result":"", "context":Reason: NEWLY_SUPPORTED_DATATYPE. cV=1Km/tDShH/tUQxkO+GOeE+}
{"logTime": "0408/232625", "correlationVector":"1Km/tDShH/tUQxkO+GOeE+.1","action":"SyncServerConnectionManagerRequest", "result":"SYNC_SERVER_OK", "context":{"environment":"Prod_brazilsouth_prod-s01-034-sam-brazilsouth", "migrationStage":"NotStarted", "server":"akswtt02200003w"}}
{"logTime": "0408/232625", "correlationVector":"1Km/tDShH/tUQxkO+GOeE+.2","action":"ProcessGetUpdates", "result":"Done", "context":{"dataType":"History", "deleted":"0", "process_failed_to_decrypt":"0", "process_pending_decryption":"0", "process_success":"5", "total":"5"}}
{"logTime": "0408/232625", "correlationVector":"1Km/tDShH/tUQxkO+GOeE+.3","action":"GetUpdates Response", "result":"Success", "context":Received 5 update(s). cV=1Km/tDShH/tUQxkO+GOeE+.0;server=akswtt02200003w;cloudType=Consumer;environment=Prod_brazilsouth_prod-s01-034-sam-brazilsouth;migrationStage=NotStarted}
{"logTime": "0408/232627", "correlationVector":"7RBShOO27YnLMD5p/fN0Dq","action":"Normal GetUpdate request", "result":"", "context":cV=7RBShOO27YnLMD5p/fN0Dq
Nudged types: Sessions, Device Info, User Consents
Refresh requested types: Bookmarks, Preferences, Passwords, Autofill Profiles, Autofill, Extensions, Sessions, Extension settings, History Delete Directives, Device Info, User Consents, Send Tab To Self, Web Apps, History, Saved Tab Group, WebAuthn Credentials, Collection, Edge E Drop, Edge Hub App Usage, Edge Wallet, Edge Workspace, Encryption Keys}
{"logTime": "0408/232627", "correlationVector":"7RBShOO27YnLMD5p/fN0Dq.1","action":"SyncServerConnectionManagerRequest", "result":"SYNC_SERVER_OK", "context":{"environment":"Prod_brazilsouth_prod-s01-034-sam-brazilsouth", "migrationStage":"NotStarted", "server":"akswtt02200003e"}}
{"logTime": "0408/232627", "correlationVector":"7RBShOO27YnLMD5p/fN0Dq.2","action":"GetUpdates Response", "result":"Success", "context":Received 0 update(s). cV=7RBShOO27YnLMD5p/fN0Dq.0;server=akswtt02200003e;cloudType=Consumer;environment=Prod_brazilsouth_prod-s01-034-sam-brazilsouth;migrationStage=NotStarted}
{"logTime": "0408/232628", "correlationVector":"CckXfJ6G27x9Ta+YrBKNip","action":"DoCompareDataConsistency: ", "result":"has local changes and skip compare"}
{"logTime": "0408/232628", "correlationVector":"lx2eM/Hk3LBRALFMntax83","action":"Commit Request", "result":"", "context":Item count: 5
Contributing types: Sessions, Device Info, User Consents, History}
{"logTime": "0408/232629", "correlationVector":"lx2eM/Hk3LBRALFMntax83.1","action":"SyncServerConnectionManagerRequest", "result":"SYNC_SERVER_OK", "context":{"environment":"Prod_brazilsouth_prod-s01-034-sam-brazilsouth", "migrationStage":"NotStarted", "server":"akswtt02200003b"}}
{"logTime": "0408/232629", "correlationVector":"lx2eM/Hk3LBRALFMntax83.2","action":"Commit Response", "result":"Success", "context":Result: Success. cV=lx2eM/Hk3LBRALFMntax83.0;server=akswtt02200003b;cloudType=Consumer;environment=Prod_brazilsouth_prod-s01-034-sam-brazilsouth;migrationStage=NotStarted}
{"logTime": "0408/232636", "correlationVector":"5p2nc2Wq/RwdMIQvb+UQ5D","action":"Commit Request", "result":"", "context":Item count: 4
Contributing types: Sessions, History, Edge Hub App Usage}
{"logTime": "0408/232636", "correlationVector":"5p2nc2Wq/RwdMIQvb+UQ5D.1","action":"SyncServerConnectionManagerRequest", "result":"SYNC_SERVER_OK", "context":{"environment":"Prod_brazilsouth_prod-s01-034-sam-brazilsouth", "migrationStage":"NotStarted", "server":"akswtt02200003n"}}
{"logTime": "0408/232636", "correlationVector":"5p2nc2Wq/RwdMIQvb+UQ5D.2","action":"Commit Response", "result":"Success", "context":Result: Success. cV=5p2nc2Wq/RwdMIQvb+UQ5D.0;server=akswtt02200003n;cloudType=Consumer;environment=Prod_brazilsouth_prod-s01-034-sam-brazilsouth;migrationStage=NotStarted}
