{"logTime": "0408/232704", "correlationVector":"bJiIPG/pv82fH1Gw5IT2WG.1","action":"SyncServerConnectionManagerRequest", "result":"SYNC_SERVER_OK", "context":{"environment":"Prod_brazilsouth_prod-s01-001-sam-brazilsouth", "migrationStage":"NotStarted", "server":"akswtt00300000u"}}
{"logTime": "0408/232704", "correlationVector":"bJiIPG/pv82fH1Gw5IT2WG.2","action":"ProcessGetUpdates", "result":"Done", "context":{"dataType":"Encryption Keys", "deleted":"0", "process_failed_to_decrypt":"0", "process_pending_decryption":"0", "process_success":"1", "total":"1"}}
{"logTime": "0408/232705", "correlationVector":"fojxnXa9MBoRVW8rF3ZSlJ","action":"SyncServerConnectionManagerRequest", "result":"SYNC_SERVER_OK", "context":{"environment":"", "migrationStage":"", "server":""}}
{"logTime": "0408/232705", "correlationVector":"fojxnXa9MBoRVW8rF3ZSlJ.0","action":"EncryptionKeysFetcher.DownloadKeys:", "result":"Success", "context":Key count: 6, Last key timestamp: 2025-11-20T16:11:50Z}
{"logTime": "0408/232705", "correlationVector":"fojxnXa9MBoRVW8rF3ZSlJ.1","action":"EncryptionKeysManager::SetEncryptionKeys:", "result":"Success", "context":Key names[6]:[KlJFsBmvGc6Q2u7cb9kArpiGDlerh2mpW/CruCP76HfSeFs+p8B8oEPcRfkVEILtnPMOUfERXLJCPwLhaOAoaA==][tOG//upJ+Q1I34Big/hPkZimnCe1HCoETmjmnwrOYGikXHLwySXPnNuMr83qCc4cNUrklr/Mz1G45+fjNxqmCA==][pVyx4tjLz1mZzZM1AcDK8lKr5HscvIHj8FMUVb/7XKUZNetbzmZwCIpVeL9qylVmkZUy2JNB2gYPuJHWTxiE7w==][OMRLhxYHjIAfmKAeUQuoXQJju+TQZd1VPUDlqPjK3k9YCA56oJtQ3uD8YbBWvM/GdA5HuWHATKcohqlHOi+Wpw==][GGStetintNAxLVBOzQ54W46V6y0aSTMb+HoHt6+eZoOHktMx2y2LybVtx09zTsaJukg2mvlxYHLzUPeYbl4l5Q==][62APEBR8MO7U5WNhKDoc11y2A9mDiyw9ukmI/dXweQxDCeUKohl24hICg7VMW+FezJN3ezK/0c0//M6i7eHL1g==]}
{"logTime": "0408/232705", "correlationVector":"fojxnXa9MBoRVW8rF3ZSlJ.2","action":"EncryptionKeysManager::SetEncryptionKeysWithTimestamps:", "result":"Success", "context":Key timestamps[6]:[2024-10-13T17:39:52Z][2025-04-19T18:32:08Z][2025-05-16T16:39:23Z][2025-06-21T01:38:57Z][2025-08-15T01:14:14Z][2025-11-20T16:11:50Z]}
{"logTime": "0408/232705", "correlationVector":"bJiIPG/pv82fH1Gw5IT2WG","action":"Initial GetUpdates", "result":"", "context":Reason: NEW_CLIENT. cV=bJiIPG/pv82fH1Gw5IT2WG}
{"logTime": "0408/232705", "correlationVector":"bJiIPG/pv82fH1Gw5IT2WG.3","action":"GetUpdates Response", "result":"Success", "context":Received 1 update(s). cV=bJiIPG/pv82fH1Gw5IT2WG.0;server=akswtt00300000u;cloudType=Consumer;environment=Prod_brazilsouth_prod-s01-001-sam-brazilsouth;migrationStage=NotStarted}
{"logTime": "0408/232706", "correlationVector":"JF8RwtOlmk5sWB5VzB0WQV","action":"Initial GetUpdates", "result":"", "context":Reason: NEWLY_SUPPORTED_DATATYPE. cV=JF8RwtOlmk5sWB5VzB0WQV}
{"logTime": "0408/232707", "correlationVector":"JF8RwtOlmk5sWB5VzB0WQV.1","action":"SyncServerConnectionManagerRequest", "result":"SYNC_SERVER_OK", "context":{"environment":"Prod_brazilsouth_prod-s01-034-sam-brazilsouth", "migrationStage":"NotStarted", "server":"akswtt02200001n"}}
{"logTime": "0408/232707", "correlationVector":"JF8RwtOlmk5sWB5VzB0WQV.2","action":"ProcessGetUpdates", "result":"Done", "context":{"dataType":"Preferences", "deleted":"0", "process_failed_to_decrypt":"0", "process_pending_decryption":"0", "process_success":"61", "total":"61"}}
{"logTime": "0408/232707", "correlationVector":"JF8RwtOlmk5sWB5VzB0WQV.3","action":"ProcessGetUpdates", "result":"Done", "context":{"dataType":"Passwords", "deleted":"0", "process_failed_to_decrypt":"0", "process_pending_decryption":"0", "process_success":"1", "total":"1"}}
{"logTime": "0408/232707", "correlationVector":"JF8RwtOlmk5sWB5VzB0WQV.4","action":"ProcessGetUpdates", "result":"Done", "context":{"dataType":"Device Info", "deleted":"0", "process_failed_to_decrypt":"0", "process_pending_decryption":"0", "process_success":"7", "total":"7"}}
{"logTime": "0408/232707", "correlationVector":"JF8RwtOlmk5sWB5VzB0WQV.5","action":"GetUpdates Response", "result":"Success", "context":Received 69 update(s). cV=JF8RwtOlmk5sWB5VzB0WQV.0;server=akswtt02200001n;cloudType=Consumer;environment=Prod_brazilsouth_prod-s01-034-sam-brazilsouth;migrationStage=NotStarted}
{"logTime": "0408/232707", "correlationVector":"kp+PinFVpFv2VstF9e/IFy","action":"Initial GetUpdates", "result":"", "context":Reason: NEWLY_SUPPORTED_DATATYPE. cV=kp+PinFVpFv2VstF9e/IFy}
{"logTime": "0408/232707", "correlationVector":"kp+PinFVpFv2VstF9e/IFy.1","action":"SyncServerConnectionManagerRequest", "result":"SYNC_SERVER_OK", "context":{"environment":"Prod_brazilsouth_prod-s01-034-sam-brazilsouth", "migrationStage":"NotStarted", "server":"akswtt02200001i"}}
{"logTime": "0408/232707", "correlationVector":"kp+PinFVpFv2VstF9e/IFy.2","action":"ProcessGetUpdates", "result":"Done", "context":{"dataType":"Bookmarks", "deleted":"0", "process_failed_to_decrypt":"0", "process_pending_decryption":"0", "process_success":"6", "total":"6"}}
{"logTime": "0408/232707", "correlationVector":"kp+PinFVpFv2VstF9e/IFy.3","action":"GetUpdates Response", "result":"Success", "context":Received 6 update(s). cV=kp+PinFVpFv2VstF9e/IFy.0;server=akswtt02200001i;cloudType=Consumer;environment=Prod_brazilsouth_prod-s01-034-sam-brazilsouth;migrationStage=NotStarted}
{"logTime": "0408/232708", "correlationVector":"siszd5etkqC54Cz8VPP7zR","action":"Initial GetUpdates", "result":"", "context":Reason: NEWLY_SUPPORTED_DATATYPE. cV=siszd5etkqC54Cz8VPP7zR}
{"logTime": "0408/232708", "correlationVector":"siszd5etkqC54Cz8VPP7zR.1","action":"SyncServerConnectionManagerRequest", "result":"SYNC_SERVER_OK", "context":{"environment":"Prod_brazilsouth_prod-s01-034-sam-brazilsouth", "migrationStage":"NotStarted", "server":"akswtt022000036"}}
{"logTime": "0408/232708", "correlationVector":"siszd5etkqC54Cz8VPP7zR.2","action":"ProcessGetUpdates", "result":"Done", "context":{"dataType":"Autofill Profiles", "deleted":"1", "process_failed_to_decrypt":"0", "process_pending_decryption":"0", "process_success":"2", "total":"2"}}
{"logTime": "0408/232708", "correlationVector":"siszd5etkqC54Cz8VPP7zR.3","action":"ProcessGetUpdates", "result":"Done", "context":{"dataType":"Autofill", "deleted":"0", "process_failed_to_decrypt":"0", "process_pending_decryption":"0", "process_success":"10", "total":"10"}}
{"logTime": "0408/232708", "correlationVector":"siszd5etkqC54Cz8VPP7zR.4","action":"ProcessGetUpdates", "result":"Done", "context":{"dataType":"Sessions", "deleted":"0", "process_failed_to_decrypt":"0", "process_pending_decryption":"0", "process_success":"6", "total":"6"}}
{"logTime": "0408/232708", "correlationVector":"siszd5etkqC54Cz8VPP7zR.5","action":"ProcessGetUpdates", "result":"Done", "context":{"dataType":"Edge Hub App Usage", "deleted":"0", "process_failed_to_decrypt":"0", "process_pending_decryption":"0", "process_success":"1", "total":"1"}}
{"logTime": "0408/232708", "correlationVector":"siszd5etkqC54Cz8VPP7zR.6","action":"GetUpdates Response", "result":"Success", "context":Received 19 update(s). cV=siszd5etkqC54Cz8VPP7zR.0;server=akswtt022000036;cloudType=Consumer;environment=Prod_brazilsouth_prod-s01-034-sam-brazilsouth;migrationStage=NotStarted}
{"logTime": "0408/232708", "correlationVector":"kIh2zyXhcZYzx6ndFl8J2t","action":"Initial GetUpdates", "result":"", "context":Reason: NEWLY_SUPPORTED_DATATYPE. cV=kIh2zyXhcZYzx6ndFl8J2t}
{"logTime": "0408/232708", "correlationVector":"kIh2zyXhcZYzx6ndFl8J2t.1","action":"SyncServerConnectionManagerRequest", "result":"SYNC_SERVER_OK", "context":{"environment":"Prod_brazilsouth_prod-s01-034-sam-brazilsouth", "migrationStage":"NotStarted", "server":"akswtt02200003e"}}
{"logTime": "0408/232708", "correlationVector":"kIh2zyXhcZYzx6ndFl8J2t.2","action":"ProcessGetUpdates", "result":"Done", "context":{"dataType":"History", "deleted":"0", "process_failed_to_decrypt":"0", "process_pending_decryption":"0", "process_success":"7", "total":"7"}}
{"logTime": "0408/232709", "correlationVector":"kIh2zyXhcZYzx6ndFl8J2t.3","action":"GetUpdates Response", "result":"Success", "context":Received 7 update(s). cV=kIh2zyXhcZYzx6ndFl8J2t.0;server=akswtt02200003e;cloudType=Consumer;environment=Prod_brazilsouth_prod-s01-034-sam-brazilsouth;migrationStage=NotStarted}
{"logTime": "0408/232710", "correlationVector":"v3KKo7Rac7IOuA8anXJfAo","action":"Normal GetUpdate request", "result":"", "context":cV=v3KKo7Rac7IOuA8anXJfAo
Nudged types: Sessions, Device Info, User Consents
Refresh requested types: Bookmarks, Preferences, Passwords, Autofill Profiles, Autofill, Extensions, Sessions, Extension settings, History Delete Directives, Device Info, User Consents, Send Tab To Self, Web Apps, History, Saved Tab Group, WebAuthn Credentials, Collection, Edge E Drop, Edge Hub App Usage, Edge Wallet, Edge Workspace, Encryption Keys}
{"logTime": "0408/232711", "correlationVector":"v3KKo7Rac7IOuA8anXJfAo.1","action":"SyncServerConnectionManagerRequest", "result":"SYNC_SERVER_OK", "context":{"environment":"Prod_brazilsouth_prod-s01-034-sam-brazilsouth", "migrationStage":"NotStarted", "server":"akswtt022000003"}}
{"logTime": "0408/232711", "correlationVector":"v3KKo7Rac7IOuA8anXJfAo.2","action":"GetUpdates Response", "result":"Success", "context":Received 0 update(s). cV=v3KKo7Rac7IOuA8anXJfAo.0;server=akswtt022000003;cloudType=Consumer;environment=Prod_brazilsouth_prod-s01-034-sam-brazilsouth;migrationStage=NotStarted}
{"logTime": "0408/232712", "correlationVector":"m392wrLuffwbf9vQ1DV/Ji","action":"DoCompareDataConsistency requsted types: ", "result":"Bookmarks, Preferences, Passwords, Extensions, Extension settings, History Delete Directives, Send Tab To Self, Web Apps, History, Saved Tab Group, WebAuthn Credentials, Collection, Edge E Drop, Edge Wallet, Edge Workspace, Encryption Keys"}
{"logTime": "0408/232712", "correlationVector":"m392wrLuffwbf9vQ1DV/Ji.0","action":"CompareDataConsistency result: ", "result":"Compare result: Encryption Keys is consistent. local entities count is: 1 local entities hash is: BxyIIiMPKBilRVeVvBKEDBXyzjI="}
{"logTime": "0408/232712", "correlationVector":"m392wrLuffwbf9vQ1DV/Ji.1","action":"CompareDataConsistency result: ", "result":"Compare result: Bookmarks is consistent. local entities count is: 0 local entities hash is: "}
{"logTime": "0408/232712", "correlationVector":"m392wrLuffwbf9vQ1DV/Ji.2","action":"CompareDataConsistency result: ", "result":"Compare result: Preferences is consistent. local entities count is: 61 local entities hash is: s3ThkQrluXcBYIYSTcEYIopK3OQ="}
{"logTime": "0408/232712", "correlationVector":"m392wrLuffwbf9vQ1DV/Ji.3","action":"CompareDataConsistency result: ", "result":"Compare result: Passwords is consistent. local entities count is: 1 local entities hash is: Zbu0jfn2Pac5d2l6dZkDDMZSNyM="}
{"logTime": "0408/232712", "correlationVector":"m392wrLuffwbf9vQ1DV/Ji.4","action":"CompareDataConsistency result: ", "result":"Compare result: Extensions is consistent. local entities count is: 0 local entities hash is: "}
{"logTime": "0408/232712", "correlationVector":"m392wrLuffwbf9vQ1DV/Ji.5","action":"CompareDataConsistency result: ", "result":"Compare result: Extension settings is consistent. local entities count is: 0 local entities hash is: "}
{"logTime": "0408/232712", "correlationVector":"m392wrLuffwbf9vQ1DV/Ji.6","action":"CompareDataConsistency result: ", "result":"Compare result: History Delete Directives is consistent. local entities count is: 0 local entities hash is: "}
{"logTime": "0408/232712", "correlationVector":"m392wrLuffwbf9vQ1DV/Ji.7","action":"CompareDataConsistency result: ", "result":"Server did not send this Send Tab To Self local entities count is: 0 local entities hash is: "}
{"logTime": "0408/232712", "correlationVector":"m392wrLuffwbf9vQ1DV/Ji.8","action":"CompareDataConsistency result: ", "result":"Compare result: Web Apps is consistent. local entities count is: 0 local entities hash is: "}
{"logTime": "0408/232712", "correlationVector":"m392wrLuffwbf9vQ1DV/Ji.9","action":"CompareDataConsistency result: ", "result":"Server did not send this History local entities count is: 0 local entities hash is: "}
{"logTime": "0408/232712", "correlationVector":"m392wrLuffwbf9vQ1DV/Ji.10","action":"CompareDataConsistency result: ", "result":"Compare result: Saved Tab Group is consistent. local entities count is: 0 local entities hash is: "}
{"logTime": "0408/232712", "correlationVector":"m392wrLuffwbf9vQ1DV/Ji.11","action":"CompareDataConsistency result: ", "result":"Server did not send this WebAuthn Credentials local entities count is: 0 local entities hash is: "}
{"logTime": "0408/232712", "correlationVector":"m392wrLuffwbf9vQ1DV/Ji.12","action":"CompareDataConsistency result: ", "result":"Compare result: Collection is consistent. local entities count is: 0 local entities hash is: "}
{"logTime": "0408/232712", "correlationVector":"m392wrLuffwbf9vQ1DV/Ji.13","action":"CompareDataConsistency result: ", "result":"Compare result: Edge E Drop is consistent. local entities count is: 0 local entities hash is: "}
{"logTime": "0408/232712", "correlationVector":"m392wrLuffwbf9vQ1DV/Ji.14","action":"CompareDataConsistency result: ", "result":"Compare result: Edge Wallet is consistent. local entities count is: 0 local entities hash is: "}
{"logTime": "0408/232712", "correlationVector":"m392wrLuffwbf9vQ1DV/Ji.15","action":"CompareDataConsistency result: ", "result":"Server did not send this Edge Workspace local entities count is: 0 local entities hash is: "}
{"logTime": "0408/232712", "correlationVector":"jdjNp5odr5S2EJ4uskw7Mn","action":"Commit Request", "result":"", "context":Item count: 4
Contributing types: Sessions, Device Info, User Consents}
{"logTime": "0408/232713", "correlationVector":"jdjNp5odr5S2EJ4uskw7Mn.1","action":"SyncServerConnectionManagerRequest", "result":"SYNC_SERVER_OK", "context":{"environment":"Prod_brazilsouth_prod-s01-034-sam-brazilsouth", "migrationStage":"NotStarted", "server":"akswtt02200003x"}}
{"logTime": "0408/232713", "correlationVector":"jdjNp5odr5S2EJ4uskw7Mn.2","action":"Commit Response", "result":"Success", "context":Result: Success. cV=jdjNp5odr5S2EJ4uskw7Mn.0;server=akswtt02200003x;cloudType=Consumer;environment=Prod_brazilsouth_prod-s01-034-sam-brazilsouth;migrationStage=NotStarted}
{"logTime": "0408/232713", "correlationVector":"","action":"DIAGNOSTIC_REQUEST|v1/diagnosticData/Diagnostic.SendCheckResult()|SUCCESS", "result":""}
