{"logTime": "0409/002458", "correlationVector":"mV5fjGJCcFedjQfNTsX2p8.1","action":"SyncServerConnectionManagerRequest", "result":"SYNC_SERVER_OK", "context":{"environment":"Prod_brazilsouth_prod-s01-001-sam-brazilsouth", "migrationStage":"NotStarted", "server":"akswtt00300000m"}}
{"logTime": "0409/002458", "correlationVector":"mV5fjGJCcFedjQfNTsX2p8.2","action":"ProcessGetUpdates", "result":"Done", "context":{"dataType":"Encryption Keys", "deleted":"0", "process_failed_to_decrypt":"0", "process_pending_decryption":"0", "process_success":"1", "total":"1"}}
{"logTime": "0409/002459", "correlationVector":"jxLRixQiLQGWGVC9ntLvd9","action":"SyncServerConnectionManagerRequest", "result":"SYNC_SERVER_OK", "context":{"environment":"", "migrationStage":"", "server":""}}
{"logTime": "0409/002459", "correlationVector":"jxLRixQiLQGWGVC9ntLvd9.0","action":"EncryptionKeysFetcher.DownloadKeys:", "result":"Success", "context":Key count: 6, Last key timestamp: 2025-11-20T16:11:50Z}
{"logTime": "0409/002459", "correlationVector":"jxLRixQiLQGWGVC9ntLvd9.1","action":"EncryptionKeysManager::SetEncryptionKeys:", "result":"Success", "context":Key names[6]:[KlJFsBmvGc6Q2u7cb9kArpiGDlerh2mpW/CruCP76HfSeFs+p8B8oEPcRfkVEILtnPMOUfERXLJCPwLhaOAoaA==][tOG//upJ+Q1I34Big/hPkZimnCe1HCoETmjmnwrOYGikXHLwySXPnNuMr83qCc4cNUrklr/Mz1G45+fjNxqmCA==][pVyx4tjLz1mZzZM1AcDK8lKr5HscvIHj8FMUVb/7XKUZNetbzmZwCIpVeL9qylVmkZUy2JNB2gYPuJHWTxiE7w==][OMRLhxYHjIAfmKAeUQuoXQJju+TQZd1VPUDlqPjK3k9YCA56oJtQ3uD8YbBWvM/GdA5HuWHATKcohqlHOi+Wpw==][GGStetintNAxLVBOzQ54W46V6y0aSTMb+HoHt6+eZoOHktMx2y2LybVtx09zTsaJukg2mvlxYHLzUPeYbl4l5Q==][62APEBR8MO7U5WNhKDoc11y2A9mDiyw9ukmI/dXweQxDCeUKohl24hICg7VMW+FezJN3ezK/0c0//M6i7eHL1g==]}
{"logTime": "0409/002459", "correlationVector":"jxLRixQiLQGWGVC9ntLvd9.2","action":"EncryptionKeysManager::SetEncryptionKeysWithTimestamps:", "result":"Success", "context":Key timestamps[6]:[2024-10-13T17:39:52Z][2025-04-19T18:32:08Z][2025-05-16T16:39:23Z][2025-06-21T01:38:57Z][2025-08-15T01:14:14Z][2025-11-20T16:11:50Z]}
{"logTime": "0409/002459", "correlationVector":"mV5fjGJCcFedjQfNTsX2p8","action":"Initial GetUpdates", "result":"", "context":Reason: NEW_CLIENT. cV=mV5fjGJCcFedjQfNTsX2p8}
{"logTime": "0409/002459", "correlationVector":"mV5fjGJCcFedjQfNTsX2p8.3","action":"GetUpdates Response", "result":"Success", "context":Received 1 update(s). cV=mV5fjGJCcFedjQfNTsX2p8.0;server=akswtt00300000m;cloudType=Consumer;environment=Prod_brazilsouth_prod-s01-001-sam-brazilsouth;migrationStage=NotStarted}
{"logTime": "0409/002500", "correlationVector":"IeswCvC/ocwsm6soDKt6Yo","action":"Initial GetUpdates", "result":"", "context":Reason: NEWLY_SUPPORTED_DATATYPE. cV=IeswCvC/ocwsm6soDKt6Yo}
{"logTime": "0409/002500", "correlationVector":"IeswCvC/ocwsm6soDKt6Yo.1","action":"SyncServerConnectionManagerRequest", "result":"SYNC_SERVER_OK", "context":{"environment":"Prod_brazilsouth_prod-s01-034-sam-brazilsouth", "migrationStage":"NotStarted", "server":"akswtt022000016"}}
{"logTime": "0409/002500", "correlationVector":"IeswCvC/ocwsm6soDKt6Yo.2","action":"ProcessGetUpdates", "result":"Done", "context":{"dataType":"Preferences", "deleted":"0", "process_failed_to_decrypt":"0", "process_pending_decryption":"0", "process_success":"61", "total":"61"}}
{"logTime": "0409/002500", "correlationVector":"IeswCvC/ocwsm6soDKt6Yo.3","action":"ProcessGetUpdates", "result":"Done", "context":{"dataType":"Passwords", "deleted":"0", "process_failed_to_decrypt":"0", "process_pending_decryption":"0", "process_success":"1", "total":"1"}}
{"logTime": "0409/002500", "correlationVector":"IeswCvC/ocwsm6soDKt6Yo.4","action":"ProcessGetUpdates", "result":"Done", "context":{"dataType":"Device Info", "deleted":"0", "process_failed_to_decrypt":"0", "process_pending_decryption":"0", "process_success":"10", "total":"10"}}
{"logTime": "0409/002500", "correlationVector":"IeswCvC/ocwsm6soDKt6Yo.5","action":"GetUpdates Response", "result":"Success", "context":Received 72 update(s). cV=IeswCvC/ocwsm6soDKt6Yo.0;server=akswtt022000016;cloudType=Consumer;environment=Prod_brazilsouth_prod-s01-034-sam-brazilsouth;migrationStage=NotStarted}
{"logTime": "0409/002501", "correlationVector":"1x+XAy6Qtz7Xi6e/ACCayq","action":"Initial GetUpdates", "result":"", "context":Reason: NEWLY_SUPPORTED_DATATYPE. cV=1x+XAy6Qtz7Xi6e/ACCayq}
{"logTime": "0409/002501", "correlationVector":"1x+XAy6Qtz7Xi6e/ACCayq.1","action":"SyncServerConnectionManagerRequest", "result":"SYNC_SERVER_OK", "context":{"environment":"Prod_brazilsouth_prod-s01-034-sam-brazilsouth", "migrationStage":"NotStarted", "server":"akswtt02200000w"}}
{"logTime": "0409/002501", "correlationVector":"1x+XAy6Qtz7Xi6e/ACCayq.2","action":"ProcessGetUpdates", "result":"Done", "context":{"dataType":"Bookmarks", "deleted":"0", "process_failed_to_decrypt":"0", "process_pending_decryption":"0", "process_success":"6", "total":"6"}}
{"logTime": "0409/002501", "correlationVector":"1x+XAy6Qtz7Xi6e/ACCayq.3","action":"GetUpdates Response", "result":"Success", "context":Received 6 update(s). cV=1x+XAy6Qtz7Xi6e/ACCayq.0;server=akswtt02200000w;cloudType=Consumer;environment=Prod_brazilsouth_prod-s01-034-sam-brazilsouth;migrationStage=NotStarted}
{"logTime": "0409/002501", "correlationVector":"rhuCBzGCrKhLx9i++G36er","action":"Initial GetUpdates", "result":"", "context":Reason: NEWLY_SUPPORTED_DATATYPE. cV=rhuCBzGCrKhLx9i++G36er}
{"logTime": "0409/002501", "correlationVector":"rhuCBzGCrKhLx9i++G36er.1","action":"SyncServerConnectionManagerRequest", "result":"SYNC_SERVER_OK", "context":{"environment":"Prod_brazilsouth_prod-s01-034-sam-brazilsouth", "migrationStage":"NotStarted", "server":"akswtt022000016"}}
{"logTime": "0409/002501", "correlationVector":"rhuCBzGCrKhLx9i++G36er.2","action":"ProcessGetUpdates", "result":"Done", "context":{"dataType":"Autofill Profiles", "deleted":"1", "process_failed_to_decrypt":"0", "process_pending_decryption":"0", "process_success":"2", "total":"2"}}
{"logTime": "0409/002501", "correlationVector":"rhuCBzGCrKhLx9i++G36er.3","action":"ProcessGetUpdates", "result":"Done", "context":{"dataType":"Autofill", "deleted":"0", "process_failed_to_decrypt":"0", "process_pending_decryption":"0", "process_success":"10", "total":"10"}}
{"logTime": "0409/002501", "correlationVector":"rhuCBzGCrKhLx9i++G36er.4","action":"ProcessGetUpdates", "result":"Done", "context":{"dataType":"Sessions", "deleted":"0", "process_failed_to_decrypt":"0", "process_pending_decryption":"0", "process_success":"12", "total":"12"}}
{"logTime": "0409/002501", "correlationVector":"rhuCBzGCrKhLx9i++G36er.5","action":"ProcessGetUpdates", "result":"Done", "context":{"dataType":"Edge Hub App Usage", "deleted":"0", "process_failed_to_decrypt":"0", "process_pending_decryption":"0", "process_success":"2", "total":"2"}}
{"logTime": "0409/002501", "correlationVector":"rhuCBzGCrKhLx9i++G36er.6","action":"GetUpdates Response", "result":"Success", "context":Received 26 update(s). cV=rhuCBzGCrKhLx9i++G36er.0;server=akswtt022000016;cloudType=Consumer;environment=Prod_brazilsouth_prod-s01-034-sam-brazilsouth;migrationStage=NotStarted}
{"logTime": "0409/002502", "correlationVector":"glrwW5Qdc+/GKTLwzMPCry","action":"Initial GetUpdates", "result":"", "context":Reason: NEWLY_SUPPORTED_DATATYPE. cV=glrwW5Qdc+/GKTLwzMPCry}
{"logTime": "0409/002502", "correlationVector":"glrwW5Qdc+/GKTLwzMPCry.1","action":"SyncServerConnectionManagerRequest", "result":"SYNC_SERVER_OK", "context":{"environment":"Prod_brazilsouth_prod-s01-034-sam-brazilsouth", "migrationStage":"NotStarted", "server":"akswtt02200003e"}}
{"logTime": "0409/002502", "correlationVector":"glrwW5Qdc+/GKTLwzMPCry.2","action":"ProcessGetUpdates", "result":"Done", "context":{"dataType":"History", "deleted":"0", "process_failed_to_decrypt":"0", "process_pending_decryption":"0", "process_success":"11", "total":"11"}}
{"logTime": "0409/002502", "correlationVector":"glrwW5Qdc+/GKTLwzMPCry.3","action":"GetUpdates Response", "result":"Success", "context":Received 11 update(s). cV=glrwW5Qdc+/GKTLwzMPCry.0;server=akswtt02200003e;cloudType=Consumer;environment=Prod_brazilsouth_prod-s01-034-sam-brazilsouth;migrationStage=NotStarted}
{"logTime": "0409/002503", "correlationVector":"TmfQRNBJH6CfpexW4FGZGY","action":"Normal GetUpdate request", "result":"", "context":cV=TmfQRNBJH6CfpexW4FGZGY
Nudged types: Sessions, Device Info, User Consents
Refresh requested types: Bookmarks, Preferences, Passwords, Autofill Profiles, Autofill, Extensions, Sessions, Extension settings, History Delete Directives, Device Info, User Consents, Send Tab To Self, Web Apps, History, Saved Tab Group, WebAuthn Credentials, Collection, Edge E Drop, Edge Hub App Usage, Edge Wallet, Edge Workspace, Encryption Keys}
{"logTime": "0409/002504", "correlationVector":"TmfQRNBJH6CfpexW4FGZGY.1","action":"SyncServerConnectionManagerRequest", "result":"SYNC_SERVER_OK", "context":{"environment":"Prod_brazilsouth_prod-s01-034-sam-brazilsouth", "migrationStage":"NotStarted", "server":"akswtt022000003"}}
{"logTime": "0409/002504", "correlationVector":"TmfQRNBJH6CfpexW4FGZGY.2","action":"GetUpdates Response", "result":"Success", "context":Received 0 update(s). cV=TmfQRNBJH6CfpexW4FGZGY.0;server=akswtt022000003;cloudType=Consumer;environment=Prod_brazilsouth_prod-s01-034-sam-brazilsouth;migrationStage=NotStarted}
{"logTime": "0409/002505", "correlationVector":"3/TBrccFnwXiVgTVLh3rYL","action":"DoCompareDataConsistency requsted types: ", "result":"Bookmarks, Preferences, Passwords, Extensions, Extension settings, History Delete Directives, Send Tab To Self, Web Apps, History, Saved Tab Group, WebAuthn Credentials, Collection, Edge E Drop, Edge Wallet, Edge Workspace, Encryption Keys"}
{"logTime": "0409/002505", "correlationVector":"3/TBrccFnwXiVgTVLh3rYL.0","action":"CompareDataConsistency result: ", "result":"Compare result: Encryption Keys is consistent. local entities count is: 1 local entities hash is: BxyIIiMPKBilRVeVvBKEDBXyzjI="}
{"logTime": "0409/002505", "correlationVector":"3/TBrccFnwXiVgTVLh3rYL.1","action":"CompareDataConsistency result: ", "result":"Compare result: Bookmarks is consistent. local entities count is: 0 local entities hash is: "}
{"logTime": "0409/002505", "correlationVector":"3/TBrccFnwXiVgTVLh3rYL.2","action":"CompareDataConsistency result: ", "result":"Compare result: Preferences is consistent. local entities count is: 61 local entities hash is: oGT9O4bEg8Ud7TLIMhZIOzNhe0s="}
{"logTime": "0409/002505", "correlationVector":"3/TBrccFnwXiVgTVLh3rYL.3","action":"CompareDataConsistency result: ", "result":"Compare result: Passwords is consistent. local entities count is: 1 local entities hash is: uiVnO37bMeZpgzqGTDlGmSsC3lY="}
{"logTime": "0409/002505", "correlationVector":"3/TBrccFnwXiVgTVLh3rYL.4","action":"CompareDataConsistency result: ", "result":"Compare result: Extensions is consistent. local entities count is: 0 local entities hash is: "}
{"logTime": "0409/002505", "correlationVector":"3/TBrccFnwXiVgTVLh3rYL.5","action":"CompareDataConsistency result: ", "result":"Compare result: Extension settings is consistent. local entities count is: 0 local entities hash is: "}
{"logTime": "0409/002505", "correlationVector":"3/TBrccFnwXiVgTVLh3rYL.6","action":"CompareDataConsistency result: ", "result":"Compare result: History Delete Directives is consistent. local entities count is: 0 local entities hash is: "}
{"logTime": "0409/002505", "correlationVector":"3/TBrccFnwXiVgTVLh3rYL.7","action":"CompareDataConsistency result: ", "result":"Server did not send this Send Tab To Self local entities count is: 0 local entities hash is: "}
{"logTime": "0409/002505", "correlationVector":"3/TBrccFnwXiVgTVLh3rYL.8","action":"CompareDataConsistency result: ", "result":"Compare result: Web Apps is consistent. local entities count is: 0 local entities hash is: "}
{"logTime": "0409/002505", "correlationVector":"3/TBrccFnwXiVgTVLh3rYL.9","action":"CompareDataConsistency result: ", "result":"Server did not send this History local entities count is: 0 local entities hash is: "}
{"logTime": "0409/002505", "correlationVector":"3/TBrccFnwXiVgTVLh3rYL.10","action":"CompareDataConsistency result: ", "result":"Compare result: Saved Tab Group is consistent. local entities count is: 0 local entities hash is: "}
{"logTime": "0409/002505", "correlationVector":"3/TBrccFnwXiVgTVLh3rYL.11","action":"CompareDataConsistency result: ", "result":"Server did not send this WebAuthn Credentials local entities count is: 0 local entities hash is: "}
{"logTime": "0409/002505", "correlationVector":"3/TBrccFnwXiVgTVLh3rYL.12","action":"CompareDataConsistency result: ", "result":"Compare result: Collection is consistent. local entities count is: 0 local entities hash is: "}
{"logTime": "0409/002505", "correlationVector":"3/TBrccFnwXiVgTVLh3rYL.13","action":"CompareDataConsistency result: ", "result":"Compare result: Edge E Drop is consistent. local entities count is: 0 local entities hash is: "}
{"logTime": "0409/002505", "correlationVector":"3/TBrccFnwXiVgTVLh3rYL.14","action":"CompareDataConsistency result: ", "result":"Compare result: Edge Wallet is consistent. local entities count is: 0 local entities hash is: "}
{"logTime": "0409/002505", "correlationVector":"3/TBrccFnwXiVgTVLh3rYL.15","action":"CompareDataConsistency result: ", "result":"Server did not send this Edge Workspace local entities count is: 0 local entities hash is: "}
{"logTime": "0409/002505", "correlationVector":"4IFhb7UmJD3smeMisp1+Om","action":"Commit Request", "result":"", "context":Item count: 4
Contributing types: Sessions, Device Info, User Consents}
{"logTime": "0409/002506", "correlationVector":"4IFhb7UmJD3smeMisp1+Om.1","action":"SyncServerConnectionManagerRequest", "result":"SYNC_SERVER_OK", "context":{"environment":"Prod_brazilsouth_prod-s01-034-sam-brazilsouth", "migrationStage":"NotStarted", "server":"akswtt022000032"}}
{"logTime": "0409/002506", "correlationVector":"4IFhb7UmJD3smeMisp1+Om.2","action":"Commit Response", "result":"Success", "context":Result: Success. cV=4IFhb7UmJD3smeMisp1+Om.0;server=akswtt022000032;cloudType=Consumer;environment=Prod_brazilsouth_prod-s01-034-sam-brazilsouth;migrationStage=NotStarted}
{"logTime": "0409/002506", "correlationVector":"","action":"DIAGNOSTIC_REQUEST|v1/diagnosticData/Diagnostic.SendCheckResult()|SUCCESS", "result":""}
{"logTime": "0409/002513", "correlationVector":"IsLfbgIdinht247MY6BQIU","action":"Commit Request", "result":"", "context":Item count: 1
Contributing types: Edge Hub App Usage}
{"logTime": "0409/002513", "correlationVector":"IsLfbgIdinht247MY6BQIU.1","action":"SyncServerConnectionManagerRequest", "result":"SYNC_SERVER_OK", "context":{"environment":"Prod_brazilsouth_prod-s01-034-sam-brazilsouth", "migrationStage":"NotStarted", "server":"akswtt02200001p"}}
{"logTime": "0409/002513", "correlationVector":"IsLfbgIdinht247MY6BQIU.2","action":"Commit Response", "result":"Success", "context":Result: Success. cV=IsLfbgIdinht247MY6BQIU.0;server=akswtt02200001p;cloudType=Consumer;environment=Prod_brazilsouth_prod-s01-034-sam-brazilsouth;migrationStage=NotStarted}
{"logTime": "0409/002556", "correlationVector":"t7XWT0G4VHPwNDTaCsuWcD","action":"Commit Request", "result":"", "context":Item count: 1
Contributing types: Passwords}
{"logTime": "0409/002556", "correlationVector":"t7XWT0G4VHPwNDTaCsuWcD.1","action":"SyncServerConnectionManagerRequest", "result":"SYNC_SERVER_OK", "context":{"environment":"Prod_brazilsouth_prod-s01-034-sam-brazilsouth", "migrationStage":"NotStarted", "server":"akswtt022000003"}}
{"logTime": "0409/002556", "correlationVector":"t7XWT0G4VHPwNDTaCsuWcD.2","action":"Commit Response", "result":"Success", "context":Result: Success. cV=t7XWT0G4VHPwNDTaCsuWcD.0;server=akswtt022000003;cloudType=Consumer;environment=Prod_brazilsouth_prod-s01-034-sam-brazilsouth;migrationStage=NotStarted}
{"logTime": "0409/002601", "correlationVector":"QJFCnSeP91vw2/zFj1PEVp","action":"Commit Request", "result":"", "context":Item count: 1
Contributing types: User Consents}
{"logTime": "0409/002601", "correlationVector":"QJFCnSeP91vw2/zFj1PEVp.1","action":"SyncServerConnectionManagerRequest", "result":"SYNC_SERVER_OK", "context":{"environment":"Prod_brazilsouth_prod-s01-034-sam-brazilsouth", "migrationStage":"NotStarted", "server":"akswtt02200000w"}}
{"logTime": "0409/002601", "correlationVector":"QJFCnSeP91vw2/zFj1PEVp.2","action":"Commit Response", "result":"Success", "context":Result: Success. cV=QJFCnSeP91vw2/zFj1PEVp.0;server=akswtt02200000w;cloudType=Consumer;environment=Prod_brazilsouth_prod-s01-034-sam-brazilsouth;migrationStage=NotStarted}
