2026-04-08 23:27:02.702: [INFO] VisibilityChanged: 0
2026-04-08 23:27:02.714: [INFO] RecordSyncInitDuration has_sync_been_enabled: 0 state: 0
2026-04-08 23:27:02.715: [INFO] RecordSyncInitDuration has_sync_been_enabled: 0 state: 0
2026-04-08 23:27:02.716: [INFO] RecordSyncInitDuration has_sync_been_enabled: 0 state: 0
2026-04-08 23:27:02.716: [INFO] RecordSyncInitDuration has_sync_been_enabled: 0 state: 0
2026-04-08 23:27:02.717: [INFO] RecordSyncInitDuration has_sync_been_enabled: 0 state: 0
2026-04-08 23:27:02.717: [INFO] RecordSyncInitDuration has_sync_been_enabled: 0 state: 0
2026-04-08 23:27:02.718: [INFO] RecordSyncInitDuration has_sync_been_enabled: 0 state: 0
2026-04-08 23:27:02.718: [INFO] RecordSyncInitDuration has_sync_been_enabled: 0 state: 0
2026-04-08 23:27:02.719: [INFO] RecordSyncInitDuration has_sync_been_enabled: 0 state: 0
2026-04-08 23:27:02.720: [INFO] RecordSyncInitDuration has_sync_been_enabled: 0 state: 0
2026-04-08 23:27:02.720: [INFO] RecordSyncInitDuration has_sync_been_enabled: 0 state: 0
2026-04-08 23:27:02.721: [INFO] RecordSyncInitDuration has_sync_been_enabled: 0 state: 0
2026-04-08 23:27:02.730: [INFO] BookmarkModelLoaded, ids_reassigned: 0
2026-04-08 23:27:02.730: [INFO] OnDoneLoading sync enabled: 0
2026-04-08 23:27:04.439: [INFO] RecordSyncInitDuration has_sync_been_enabled: 0 state: 3
2026-04-08 23:27:04.441: [INFO] Primary account changed.
2026-04-08 23:27:04.441: [INFO] OnPrimaryAccountChanged PrimaryAccountChangeEvent::Type::kSet
2026-04-08 23:27:04.446: [INFO] RecordSyncInitDuration has_sync_been_enabled: 0 state: 3
2026-04-08 23:27:04.471: [INFO] RecordSyncInitDuration has_sync_been_enabled: 0 state: 3
2026-04-08 23:27:08.725: [INFO] Sync initialization duration: 4116ms
